\BOOKMARK [0][-]{chapter.1}{\376\377\0001\000\040\000N\000a\000m\000e\000s\000p\000a\000c\000e\000\040\000I\000n\000d\000e\000x}{}% 1
\BOOKMARK [1][-]{section.1.1}{\376\377\0001\000.\0001\000\040\000P\000a\000c\000k\000a\000g\000e\000s}{chapter.1}% 2
\BOOKMARK [0][-]{chapter.2}{\376\377\0002\000\040\000H\000i\000e\000r\000a\000r\000c\000h\000i\000c\000a\000l\000\040\000I\000n\000d\000e\000x}{}% 3
\BOOKMARK [1][-]{section.2.1}{\376\377\0002\000.\0001\000\040\000C\000l\000a\000s\000s\000\040\000H\000i\000e\000r\000a\000r\000c\000h\000y}{chapter.2}% 4
\BOOKMARK [0][-]{chapter.3}{\376\377\0003\000\040\000C\000l\000a\000s\000s\000\040\000I\000n\000d\000e\000x}{}% 5
\BOOKMARK [1][-]{section.3.1}{\376\377\0003\000.\0001\000\040\000C\000l\000a\000s\000s\000\040\000L\000i\000s\000t}{chapter.3}% 6
\BOOKMARK [0][-]{chapter.4}{\376\377\0004\000\040\000F\000i\000l\000e\000\040\000I\000n\000d\000e\000x}{}% 7
\BOOKMARK [1][-]{section.4.1}{\376\377\0004\000.\0001\000\040\000F\000i\000l\000e\000\040\000L\000i\000s\000t}{chapter.4}% 8
\BOOKMARK [0][-]{chapter.5}{\376\377\0005\000\040\000N\000a\000m\000e\000s\000p\000a\000c\000e\000\040\000D\000o\000c\000u\000m\000e\000n\000t\000a\000t\000i\000o\000n}{}% 9
\BOOKMARK [1][-]{section.5.1}{\376\377\0005\000.\0001\000\040\000P\000a\000c\000k\000a\000g\000e\000\040\000d\000r\000i\000v\000e\000r}{chapter.5}% 10
\BOOKMARK [1][-]{section.5.2}{\376\377\0005\000.\0002\000\040\000P\000a\000c\000k\000a\000g\000e\000\040\000p\000a\000r\000s\000e\000r}{chapter.5}% 11
\BOOKMARK [1][-]{section.5.3}{\376\377\0005\000.\0003\000\040\000P\000a\000c\000k\000a\000g\000e\000\040\000s\000c\000a\000n\000n\000e\000r}{chapter.5}% 12
\BOOKMARK [1][-]{section.5.4}{\376\377\0005\000.\0004\000\040\000P\000a\000c\000k\000a\000g\000e\000\040\000s\000y\000m\000b\000o\000l\000T\000a\000b\000l\000e}{chapter.5}% 13
\BOOKMARK [0][-]{chapter.6}{\376\377\0006\000\040\000C\000l\000a\000s\000s\000\040\000D\000o\000c\000u\000m\000e\000n\000t\000a\000t\000i\000o\000n}{}% 14
\BOOKMARK [1][-]{section.6.1}{\376\377\0006\000.\0001\000\040\000d\000r\000i\000v\000e\000r\000.\000A\000d\000m\000i\000n\000i\000s\000t\000r\000a\000t\000i\000o\000n\000\040\000C\000l\000a\000s\000s\000\040\000R\000e\000f\000e\000r\000e\000n\000c\000e}{chapter.6}% 15
\BOOKMARK [2][-]{subsection.6.1.1}{\376\377\0006\000.\0001\000.\0001\000\040\000C\000o\000n\000s\000t\000r\000u\000c\000t\000o\000r\000\040\000\046\000\040\000D\000e\000s\000t\000r\000u\000c\000t\000o\000r\000\040\000D\000o\000c\000u\000m\000e\000n\000t\000a\000t\000i\000o\000n}{section.6.1}% 16
\BOOKMARK [3][-]{subsubsection.6.1.1.1}{\376\377\0006\000.\0001\000.\0001\000.\0001\000\040\000A\000d\000m\000i\000n\000i\000s\000t\000r\000a\000t\000i\000o\000n\000\050\000S\000c\000a\000n\000M\000e\000\040\000s\000c\000,\000\040\000S\000y\000m\000b\000o\000l\000T\000a\000b\000l\000e\000\040\000s\000t\000\051}{subsection.6.1.1}% 17
\BOOKMARK [2][-]{subsection.6.1.2}{\376\377\0006\000.\0001\000.\0002\000\040\000M\000e\000m\000b\000e\000r\000\040\000F\000u\000n\000c\000t\000i\000o\000n\000\040\000D\000o\000c\000u\000m\000e\000n\000t\000a\000t\000i\000o\000n}{section.6.1}% 18
\BOOKMARK [3][-]{subsubsection.6.1.2.1}{\376\377\0006\000.\0001\000.\0002\000.\0001\000\040\000e\000r\000r\000o\000r\000\050\000i\000n\000t\000\040\000e\000r\000r\000o\000r\000T\000y\000p\000e\000,\000\040\000S\000y\000m\000b\000o\000l\000\040\000s\000y\000m\000,\000\040\000i\000n\000t\000\040\000f\000l\000a\000g\000\051}{subsection.6.1.2}% 19
\BOOKMARK [3][-]{subsubsection.6.1.2.2}{\376\377\0006\000.\0001\000.\0002\000.\0002\000\040\000N\000e\000w\000L\000i\000n\000e\000\050\000\051}{subsection.6.1.2}% 20
\BOOKMARK [3][-]{subsubsection.6.1.2.3}{\376\377\0006\000.\0001\000.\0002\000.\0003\000\040\000s\000t\000a\000r\000t\000\050\000\051}{subsection.6.1.2}% 21
\BOOKMARK [2][-]{subsection.6.1.3}{\376\377\0006\000.\0001\000.\0003\000\040\000M\000e\000m\000b\000e\000r\000\040\000D\000a\000t\000a\000\040\000D\000o\000c\000u\000m\000e\000n\000t\000a\000t\000i\000o\000n}{section.6.1}% 22
\BOOKMARK [3][-]{subsubsection.6.1.3.1}{\376\377\0006\000.\0001\000.\0003\000.\0001\000\040\000l\000i\000n\000e\000N\000o}{subsection.6.1.3}% 23
\BOOKMARK [1][-]{section.6.2}{\376\377\0006\000.\0002\000\040\000d\000r\000i\000v\000e\000r\000.\000d\000r\000i\000v\000e\000r\000\040\000C\000l\000a\000s\000s\000\040\000R\000e\000f\000e\000r\000e\000n\000c\000e}{chapter.6}% 24
\BOOKMARK [2][-]{subsection.6.2.1}{\376\377\0006\000.\0002\000.\0001\000\040\000D\000e\000t\000a\000i\000l\000e\000d\000\040\000D\000e\000s\000c\000r\000i\000p\000t\000i\000o\000n}{section.6.2}% 25
\BOOKMARK [2][-]{subsection.6.2.2}{\376\377\0006\000.\0002\000.\0002\000\040\000M\000e\000m\000b\000e\000r\000\040\000F\000u\000n\000c\000t\000i\000o\000n\000\040\000D\000o\000c\000u\000m\000e\000n\000t\000a\000t\000i\000o\000n}{section.6.2}% 26
\BOOKMARK [3][-]{subsubsection.6.2.2.1}{\376\377\0006\000.\0002\000.\0002\000.\0001\000\040\000m\000a\000i\000n\000\050\000S\000t\000r\000i\000n\000g\000[\000]\000\040\000a\000r\000g\000s\000\051}{subsection.6.2.2}% 27
\BOOKMARK [2][-]{subsection.6.2.3}{\376\377\0006\000.\0002\000.\0003\000\040\000M\000e\000m\000b\000e\000r\000\040\000D\000a\000t\000a\000\040\000D\000o\000c\000u\000m\000e\000n\000t\000a\000t\000i\000o\000n}{section.6.2}% 28
\BOOKMARK [3][-]{subsubsection.6.2.3.1}{\376\377\0006\000.\0002\000.\0003\000.\0001\000\040\000v\000a\000r}{subsection.6.2.3}% 29
\BOOKMARK [1][-]{section.6.3}{\376\377\0006\000.\0003\000\040\000d\000r\000i\000v\000e\000r\000.\000D\000r\000i\000v\000e\000r\000W\000i\000n\000d\000o\000w\000\040\000C\000l\000a\000s\000s\000\040\000R\000e\000f\000e\000r\000e\000n\000c\000e}{chapter.6}% 30
\BOOKMARK [2][-]{subsection.6.3.1}{\376\377\0006\000.\0003\000.\0001\000\040\000C\000o\000n\000s\000t\000r\000u\000c\000t\000o\000r\000\040\000\046\000\040\000D\000e\000s\000t\000r\000u\000c\000t\000o\000r\000\040\000D\000o\000c\000u\000m\000e\000n\000t\000a\000t\000i\000o\000n}{section.6.3}% 31
\BOOKMARK [3][-]{subsubsection.6.3.1.1}{\376\377\0006\000.\0003\000.\0001\000.\0001\000\040\000D\000r\000i\000v\000e\000r\000W\000i\000n\000d\000o\000w\000\050\000\051}{subsection.6.3.1}% 32
\BOOKMARK [2][-]{subsection.6.3.2}{\376\377\0006\000.\0003\000.\0002\000\040\000M\000e\000m\000b\000e\000r\000\040\000F\000u\000n\000c\000t\000i\000o\000n\000\040\000D\000o\000c\000u\000m\000e\000n\000t\000a\000t\000i\000o\000n}{section.6.3}% 33
\BOOKMARK [3][-]{subsubsection.6.3.2.1}{\376\377\0006\000.\0003\000.\0002\000.\0001\000\040\000m\000a\000i\000n\000\050\000S\000t\000r\000i\000n\000g\000[\000]\000\040\000a\000r\000g\000s\000\051}{subsection.6.3.2}% 34
\BOOKMARK [3][-]{subsubsection.6.3.2.2}{\376\377\0006\000.\0003\000.\0002\000.\0002\000\040\000o\000p\000e\000n\000F\000i\000l\000e\000S\000t\000r\000e\000a\000m\000\050\000S\000t\000r\000i\000n\000g\000\040\000a\000b\000s\000o\000l\000u\000t\000e\000P\000a\000t\000h\000\051}{subsection.6.3.2}% 35
\BOOKMARK [2][-]{subsection.6.3.3}{\376\377\0006\000.\0003\000.\0003\000\040\000M\000e\000m\000b\000e\000r\000\040\000D\000a\000t\000a\000\040\000D\000o\000c\000u\000m\000e\000n\000t\000a\000t\000i\000o\000n}{section.6.3}% 36
\BOOKMARK [3][-]{subsubsection.6.3.3.1}{\376\377\0006\000.\0003\000.\0003\000.\0001\000\040\000c\000o\000n\000t\000e\000n\000t\000P\000a\000n\000e}{subsection.6.3.3}% 37
\BOOKMARK [3][-]{subsubsection.6.3.3.2}{\376\377\0006\000.\0003\000.\0003\000.\0002\000\040\000s\000o\000u\000r\000c\000e\000F\000i\000l\000e}{subsection.6.3.3}% 38
\BOOKMARK [3][-]{subsubsection.6.3.3.3}{\376\377\0006\000.\0003\000.\0003\000.\0003\000\040\000t\000e\000x\000t\000F\000i\000e\000l\000d}{subsection.6.3.3}% 39
\BOOKMARK [1][-]{section.6.4}{\376\377\0006\000.\0004\000\040\000p\000a\000r\000s\000e\000r\000.\000F\000i\000r\000s\000t\000F\000o\000l\000l\000o\000w\000\040\000C\000l\000a\000s\000s\000\040\000R\000e\000f\000e\000r\000e\000n\000c\000e}{chapter.6}% 40
\BOOKMARK [1][-]{section.6.5}{\376\377\0006\000.\0005\000\040\000p\000a\000r\000s\000e\000r\000.\000P\000a\000r\000s\000e\000r\000\040\000C\000l\000a\000s\000s\000\040\000R\000e\000f\000e\000r\000e\000n\000c\000e}{chapter.6}% 41
\BOOKMARK [2][-]{subsection.6.5.1}{\376\377\0006\000.\0005\000.\0001\000\040\000C\000o\000n\000s\000t\000r\000u\000c\000t\000o\000r\000\040\000\046\000\040\000D\000e\000s\000t\000r\000u\000c\000t\000o\000r\000\040\000D\000o\000c\000u\000m\000e\000n\000t\000a\000t\000i\000o\000n}{section.6.5}% 42
\BOOKMARK [3][-]{subsubsection.6.5.1.1}{\376\377\0006\000.\0005\000.\0001\000.\0001\000\040\000P\000a\000r\000s\000e\000r\000\050\000S\000c\000a\000n\000M\000e\000\040\000s\000c\000,\000\040\000A\000d\000m\000i\000n\000i\000s\000t\000r\000a\000t\000i\000o\000n\000\040\000a\000d\000\051}{subsection.6.5.1}% 43
\BOOKMARK [2][-]{subsection.6.5.2}{\376\377\0006\000.\0005\000.\0002\000\040\000M\000e\000m\000b\000e\000r\000\040\000F\000u\000n\000c\000t\000i\000o\000n\000\040\000D\000o\000c\000u\000m\000e\000n\000t\000a\000t\000i\000o\000n}{section.6.5}% 44
\BOOKMARK [3][-]{subsubsection.6.5.2.1}{\376\377\0006\000.\0005\000.\0002\000.\0001\000\040\000D\000s\000m\000d\000e\000F\000o\000r\000m\000a\000t\000\050\000S\000y\000m\000b\000o\000l\000\040\000s\000y\000m\000\051}{subsection.6.5.2}% 45
\BOOKMARK [3][-]{subsubsection.6.5.2.2}{\376\377\0006\000.\0005\000.\0002\000.\0002\000\040\000i\000n\000\050\000V\000e\000c\000t\000o\000r\000<\000\040\000S\000y\000m\000b\000o\000l\000\040\000>\000\040\000s\000e\000t\000\051}{subsection.6.5.2}% 46
\BOOKMARK [3][-]{subsubsection.6.5.2.3}{\376\377\0006\000.\0005\000.\0002\000.\0003\000\040\000I\000n\000t\000e\000r\000a\000c\000t\000A\000t\000t\000r\000i\000b\000u\000t\000e\000N\000a\000m\000e\000s\000\050\000V\000e\000c\000t\000o\000r\000<\000\040\000S\000y\000m\000b\000o\000l\000\040\000>\000\040\000s\000t\000o\000p\000s\000\051}{subsection.6.5.2}% 47
\BOOKMARK [3][-]{subsubsection.6.5.2.4}{\376\377\0006\000.\0005\000.\0002\000.\0004\000\040\000M\000o\000d\000E\000l\000e\000m\000e\000n\000t\000N\000a\000m\000e\000s\000\050\000V\000e\000c\000t\000o\000r\000<\000\040\000S\000y\000m\000b\000o\000l\000\040\000>\000\040\000s\000t\000o\000p\000s\000\051}{subsection.6.5.2}% 48
\BOOKMARK [1][-]{section.6.6}{\376\377\0006\000.\0006\000\040\000s\000c\000a\000n\000n\000e\000r\000.\000S\000c\000a\000n\000M\000e\000\040\000C\000l\000a\000s\000s\000\040\000R\000e\000f\000e\000r\000e\000n\000c\000e}{chapter.6}% 49
\BOOKMARK [2][-]{subsection.6.6.1}{\376\377\0006\000.\0006\000.\0001\000\040\000C\000o\000n\000s\000t\000r\000u\000c\000t\000o\000r\000\040\000\046\000\040\000D\000e\000s\000t\000r\000u\000c\000t\000o\000r\000\040\000D\000o\000c\000u\000m\000e\000n\000t\000a\000t\000i\000o\000n}{section.6.6}% 50
\BOOKMARK [3][-]{subsubsection.6.6.1.1}{\376\377\0006\000.\0006\000.\0001\000.\0001\000\040\000S\000c\000a\000n\000M\000e\000\050\000F\000i\000l\000e\000R\000e\000a\000d\000e\000r\000\040\000s\000r\000c\000F\000i\000l\000e\000,\000\040\000S\000y\000m\000b\000o\000l\000T\000a\000b\000l\000e\000\040\000s\000t\000\051}{subsection.6.6.1}% 51
\BOOKMARK [2][-]{subsection.6.6.2}{\376\377\0006\000.\0006\000.\0002\000\040\000M\000e\000m\000b\000e\000r\000\040\000F\000u\000n\000c\000t\000i\000o\000n\000\040\000D\000o\000c\000u\000m\000e\000n\000t\000a\000t\000i\000o\000n}{section.6.6}% 52
\BOOKMARK [3][-]{subsubsection.6.6.2.1}{\376\377\0006\000.\0006\000.\0002\000.\0001\000\040\000n\000e\000x\000t\000T\000e\000x\000t\000L\000i\000n\000e\000\050\000\051}{subsection.6.6.2}% 53
\BOOKMARK [3][-]{subsubsection.6.6.2.2}{\376\377\0006\000.\0006\000.\0002\000.\0002\000\040\000n\000e\000x\000t\000T\000o\000k\000e\000n\000\050\000\051}{subsection.6.6.2}% 54
\BOOKMARK [3][-]{subsubsection.6.6.2.3}{\376\377\0006\000.\0006\000.\0002\000.\0003\000\040\000r\000e\000a\000d\000\050\000\051}{subsection.6.6.2}% 55
\BOOKMARK [1][-]{section.6.7}{\376\377\0006\000.\0007\000\040\000s\000c\000a\000n\000n\000e\000r\000.\000S\000y\000m\000b\000o\000l\000\040\000E\000n\000u\000m\000\040\000R\000e\000f\000e\000r\000e\000n\000c\000e}{chapter.6}% 56
\BOOKMARK [2][-]{subsection.6.7.1}{\376\377\0006\000.\0007\000.\0001\000\040\000C\000o\000n\000s\000t\000r\000u\000c\000t\000o\000r\000\040\000\046\000\040\000D\000e\000s\000t\000r\000u\000c\000t\000o\000r\000\040\000D\000o\000c\000u\000m\000e\000n\000t\000a\000t\000i\000o\000n}{section.6.7}% 57
\BOOKMARK [3][-]{subsubsection.6.7.1.1}{\376\377\0006\000.\0007\000.\0001\000.\0001\000\040\000S\000y\000m\000b\000o\000l\000\050\000i\000n\000t\000\040\000c\000o\000d\000e\000,\000\040\000S\000t\000r\000i\000n\000g\000\040\000l\000e\000x\000\051}{subsection.6.7.1}% 58
\BOOKMARK [2][-]{subsection.6.7.2}{\376\377\0006\000.\0007\000.\0002\000\040\000M\000e\000m\000b\000e\000r\000\040\000F\000u\000n\000c\000t\000i\000o\000n\000\040\000D\000o\000c\000u\000m\000e\000n\000t\000a\000t\000i\000o\000n}{section.6.7}% 59
\BOOKMARK [3][-]{subsubsection.6.7.2.1}{\376\377\0006\000.\0007\000.\0002\000.\0001\000\040\000g\000e\000t\000C\000o\000d\000e\000\050\000\051}{subsection.6.7.2}% 60
\BOOKMARK [3][-]{subsubsection.6.7.2.2}{\376\377\0006\000.\0007\000.\0002\000.\0002\000\040\000g\000e\000t\000L\000e\000x\000e\000m\000e\000\050\000\051}{subsection.6.7.2}% 61
\BOOKMARK [2][-]{subsection.6.7.3}{\376\377\0006\000.\0007\000.\0003\000\040\000M\000e\000m\000b\000e\000r\000\040\000D\000a\000t\000a\000\040\000D\000o\000c\000u\000m\000e\000n\000t\000a\000t\000i\000o\000n}{section.6.7}% 62
\BOOKMARK [3][-]{subsubsection.6.7.3.1}{\376\377\0006\000.\0007\000.\0003\000.\0001\000\040\000A\000R\000R\000A\000Y}{subsection.6.7.3}% 63
\BOOKMARK [3][-]{subsubsection.6.7.3.2}{\376\377\0006\000.\0007\000.\0003\000.\0002\000\040\000B\000A\000T\000T\000R\000I\000B}{subsection.6.7.3}% 64
\BOOKMARK [3][-]{subsubsection.6.7.3.3}{\376\377\0006\000.\0007\000.\0003\000.\0003\000\040\000B\000D\000O\000M\000A\000I\000N}{subsection.6.7.3}% 65
\BOOKMARK [3][-]{subsubsection.6.7.3.4}{\376\377\0006\000.\0007\000.\0003\000.\0004\000\040\000B\000M\000O\000D\000E}{subsection.6.7.3}% 66
\BOOKMARK [3][-]{subsubsection.6.7.3.5}{\376\377\0006\000.\0007\000.\0003\000.\0005\000\040\000c\000o\000d\000e}{subsection.6.7.3}% 67
\BOOKMARK [3][-]{subsubsection.6.7.3.6}{\376\377\0006\000.\0007\000.\0003\000.\0006\000\040\000C\000O\000M\000M\000E\000N\000T}{subsection.6.7.3}% 68
\BOOKMARK [3][-]{subsubsection.6.7.3.7}{\376\377\0006\000.\0007\000.\0003\000.\0007\000\040\000C\000O\000M\000P\000L\000E\000X}{subsection.6.7.3}% 69
\BOOKMARK [3][-]{subsubsection.6.7.3.8}{\376\377\0006\000.\0007\000.\0003\000.\0008\000\040\000C\000O\000O\000R\000D}{subsection.6.7.3}% 70
\BOOKMARK [3][-]{subsubsection.6.7.3.9}{\376\377\0006\000.\0007\000.\0003\000.\0009\000\040\000D\000M\000M}{subsection.6.7.3}% 71
\BOOKMARK [3][-]{subsubsection.6.7.3.10}{\376\377\0006\000.\0007\000.\0003\000.\0001\0000\000\040\000D\000S\000M}{subsection.6.7.3}% 72
\BOOKMARK [3][-]{subsubsection.6.7.3.11}{\376\377\0006\000.\0007\000.\0003\000.\0001\0001\000\040\000E}{subsection.6.7.3}% 73
\BOOKMARK [3][-]{subsubsection.6.7.3.12}{\376\377\0006\000.\0007\000.\0003\000.\0001\0002\000\040\000E\000A\000T\000T\000R\000I\000B}{subsection.6.7.3}% 74
\BOOKMARK [3][-]{subsubsection.6.7.3.13}{\376\377\0006\000.\0007\000.\0003\000.\0001\0003\000\040\000E\000D\000O\000M\000A\000I\000N}{subsection.6.7.3}% 75
\BOOKMARK [3][-]{subsubsection.6.7.3.14}{\376\377\0006\000.\0007\000.\0003\000.\0001\0004\000\040\000E\000M\000O\000D\000E}{subsection.6.7.3}% 76
\BOOKMARK [3][-]{subsubsection.6.7.3.15}{\376\377\0006\000.\0007\000.\0003\000.\0001\0005\000\040\000E\000O\000F}{subsection.6.7.3}% 77
\BOOKMARK [3][-]{subsubsection.6.7.3.16}{\376\377\0006\000.\0007\000.\0003\000.\0001\0006\000\040\000G\000E\000N\000E\000R\000A\000L}{subsection.6.7.3}% 78
\BOOKMARK [3][-]{subsubsection.6.7.3.17}{\376\377\0006\000.\0007\000.\0003\000.\0001\0007\000\040\000H\000E\000R\000M\000I\000T\000I\000A\000N}{subsection.6.7.3}% 79
\BOOKMARK [3][-]{subsubsection.6.7.3.18}{\376\377\0006\000.\0007\000.\0003\000.\0001\0008\000\040\000I\000C}{subsection.6.7.3}% 80
\BOOKMARK [3][-]{subsubsection.6.7.3.19}{\376\377\0006\000.\0007\000.\0003\000.\0001\0009\000\040\000I\000N\000T}{subsection.6.7.3}% 81
\BOOKMARK [3][-]{subsubsection.6.7.3.20}{\376\377\0006\000.\0007\000.\0003\000.\0002\0000\000\040\000I\000R}{subsection.6.7.3}% 82
\BOOKMARK [3][-]{subsubsection.6.7.3.21}{\376\377\0006\000.\0007\000.\0003\000.\0002\0001\000\040\000l\000e\000x\000e\000m\000e}{subsection.6.7.3}% 83
\BOOKMARK [3][-]{subsubsection.6.7.3.22}{\376\377\0006\000.\0007\000.\0003\000.\0002\0002\000\040\000M\000A\000T\000R\000I\000X}{subsection.6.7.3}% 84
\BOOKMARK [3][-]{subsubsection.6.7.3.23}{\376\377\0006\000.\0007\000.\0003\000.\0002\0003\000\040\000M\000D\000M}{subsection.6.7.3}% 85
\BOOKMARK [3][-]{subsubsection.6.7.3.24}{\376\377\0006\000.\0007\000.\0003\000.\0002\0004\000\040\000M\000I\000N\000U\000S}{subsection.6.7.3}% 86
\BOOKMARK [3][-]{subsubsection.6.7.3.25}{\376\377\0006\000.\0007\000.\0003\000.\0002\0005\000\040\000M\000M}{subsection.6.7.3}% 87
\BOOKMARK [3][-]{subsubsection.6.7.3.26}{\376\377\0006\000.\0007\000.\0003\000.\0002\0006\000\040\000N\000E\000W\000L\000I\000N\000E}{subsection.6.7.3}% 88
\BOOKMARK [3][-]{subsubsection.6.7.3.27}{\376\377\0006\000.\0007\000.\0003\000.\0002\0007\000\040\000N\000U\000M\000D\000O\000U\000B\000L\000E}{subsection.6.7.3}% 89
\BOOKMARK [3][-]{subsubsection.6.7.3.28}{\376\377\0006\000.\0007\000.\0003\000.\0002\0008\000\040\000N\000U\000M\000I\000N\000T}{subsection.6.7.3}% 90
\BOOKMARK [3][-]{subsubsection.6.7.3.29}{\376\377\0006\000.\0007\000.\0003\000.\0002\0009\000\040\000P\000A\000T\000T\000E\000R\000N}{subsection.6.7.3}% 91
\BOOKMARK [3][-]{subsubsection.6.7.3.30}{\376\377\0006\000.\0007\000.\0003\000.\0003\0000\000\040\000P\000L\000U\000S}{subsection.6.7.3}% 92
\BOOKMARK [3][-]{subsubsection.6.7.3.31}{\376\377\0006\000.\0007\000.\0003\000.\0003\0001\000\040\000R\000E\000A\000L}{subsection.6.7.3}% 93
\BOOKMARK [3][-]{subsubsection.6.7.3.32}{\376\377\0006\000.\0007\000.\0003\000.\0003\0002\000\040\000S\000K\000S\000Y\000M\000E\000T\000R\000I\000C}{subsection.6.7.3}% 94
\BOOKMARK [3][-]{subsubsection.6.7.3.33}{\376\377\0006\000.\0007\000.\0003\000.\0003\0003\000\040\000S\000Y\000M\000E\000T\000R\000I\000C}{subsection.6.7.3}% 95
\BOOKMARK [3][-]{subsubsection.6.7.3.34}{\376\377\0006\000.\0007\000.\0003\000.\0003\0004\000\040\000U\000N\000D\000E\000F\000I\000N\000E\000D}{subsection.6.7.3}% 96
\BOOKMARK [1][-]{section.6.8}{\376\377\0006\000.\0008\000\040\000s\000y\000m\000b\000o\000l\000T\000a\000b\000l\000e\000.\000S\000y\000m\000b\000o\000l\000T\000a\000b\000l\000e\000\040\000C\000l\000a\000s\000s\000\040\000R\000e\000f\000e\000r\000e\000n\000c\000e}{chapter.6}% 97
\BOOKMARK [2][-]{subsection.6.8.1}{\376\377\0006\000.\0008\000.\0001\000\040\000C\000o\000n\000s\000t\000r\000u\000c\000t\000o\000r\000\040\000\046\000\040\000D\000e\000s\000t\000r\000u\000c\000t\000o\000r\000\040\000D\000o\000c\000u\000m\000e\000n\000t\000a\000t\000i\000o\000n}{section.6.8}% 98
\BOOKMARK [3][-]{subsubsection.6.8.1.1}{\376\377\0006\000.\0008\000.\0001\000.\0001\000\040\000S\000y\000m\000b\000o\000l\000T\000a\000b\000l\000e\000\050\000\051}{subsection.6.8.1}% 99
\BOOKMARK [2][-]{subsection.6.8.2}{\376\377\0006\000.\0008\000.\0002\000\040\000M\000e\000m\000b\000e\000r\000\040\000F\000u\000n\000c\000t\000i\000o\000n\000\040\000D\000o\000c\000u\000m\000e\000n\000t\000a\000t\000i\000o\000n}{section.6.8}% 100
\BOOKMARK [3][-]{subsubsection.6.8.2.1}{\376\377\0006\000.\0008\000.\0002\000.\0001\000\040\000i\000n\000s\000e\000r\000t\000\050\000T\000o\000k\000e\000n\000\040\000t\000o\000k\000\051}{subsection.6.8.2}% 101
\BOOKMARK [3][-]{subsubsection.6.8.2.2}{\376\377\0006\000.\0008\000.\0002\000.\0002\000\040\000s\000e\000a\000r\000c\000h\0002\000\050\000S\000t\000r\000i\000n\000g\000\040\000l\000e\000x\000\051}{subsection.6.8.2}% 102
\BOOKMARK [2][-]{subsection.6.8.3}{\376\377\0006\000.\0008\000.\0003\000\040\000M\000e\000m\000b\000e\000r\000\040\000D\000a\000t\000a\000\040\000D\000o\000c\000u\000m\000e\000n\000t\000a\000t\000i\000o\000n}{section.6.8}% 103
\BOOKMARK [3][-]{subsubsection.6.8.3.1}{\376\377\0006\000.\0008\000.\0003\000.\0001\000\040\000k\000e\000y\000W\000o\000r\000d\000s}{subsection.6.8.3}% 104
\BOOKMARK [3][-]{subsubsection.6.8.3.2}{\376\377\0006\000.\0008\000.\0003\000.\0002\000\040\000S\000Y\000M\000T\000A\000B\000L\000E\000S\000I\000Z\000E}{subsection.6.8.3}% 105
\BOOKMARK [1][-]{section.6.9}{\376\377\0006\000.\0009\000\040\000s\000c\000a\000n\000n\000e\000r\000.\000T\000o\000k\000e\000n\000\040\000C\000l\000a\000s\000s\000\040\000R\000e\000f\000e\000r\000e\000n\000c\000e}{chapter.6}% 106
\BOOKMARK [2][-]{subsection.6.9.1}{\376\377\0006\000.\0009\000.\0001\000\040\000C\000o\000n\000s\000t\000r\000u\000c\000t\000o\000r\000\040\000\046\000\040\000D\000e\000s\000t\000r\000u\000c\000t\000o\000r\000\040\000D\000o\000c\000u\000m\000e\000n\000t\000a\000t\000i\000o\000n}{section.6.9}% 107
\BOOKMARK [3][-]{subsubsection.6.9.1.1}{\376\377\0006\000.\0009\000.\0001\000.\0001\000\040\000T\000o\000k\000e\000n\000\050\000S\000y\000m\000b\000o\000l\000\040\000s\000y\000m\000,\000\040\000d\000o\000u\000b\000l\000e\000\040\000v\000a\000l\000\051}{subsection.6.9.1}% 108
\BOOKMARK [2][-]{subsection.6.9.2}{\376\377\0006\000.\0009\000.\0002\000\040\000M\000e\000m\000b\000e\000r\000\040\000F\000u\000n\000c\000t\000i\000o\000n\000\040\000D\000o\000c\000u\000m\000e\000n\000t\000a\000t\000i\000o\000n}{section.6.9}% 109
\BOOKMARK [3][-]{subsubsection.6.9.2.1}{\376\377\0006\000.\0009\000.\0002\000.\0001\000\040\000g\000e\000t\000S\000y\000m\000b\000o\000l\000\050\000\051}{subsection.6.9.2}% 110
\BOOKMARK [3][-]{subsubsection.6.9.2.2}{\376\377\0006\000.\0009\000.\0002\000.\0002\000\040\000g\000e\000t\000V\000a\000l\000u\000e\000\050\000\051}{subsection.6.9.2}% 111
\BOOKMARK [0][-]{chapter.7}{\376\377\0007\000\040\000F\000i\000l\000e\000\040\000D\000o\000c\000u\000m\000e\000n\000t\000a\000t\000i\000o\000n}{}% 112
\BOOKMARK [1][-]{section.7.1}{\376\377\0007\000.\0001\000\040\000s\000r\000c\000/\000d\000r\000i\000v\000e\000r\000/\000A\000d\000m\000i\000n\000i\000s\000t\000r\000a\000t\000i\000o\000n\000.\000j\000a\000v\000a\000\040\000F\000i\000l\000e\000\040\000R\000e\000f\000e\000r\000e\000n\000c\000e}{chapter.7}% 113
\BOOKMARK [1][-]{section.7.2}{\376\377\0007\000.\0002\000\040\000s\000r\000c\000/\000d\000r\000i\000v\000e\000r\000/\000d\000r\000i\000v\000e\000r\000.\000j\000a\000v\000a\000\040\000F\000i\000l\000e\000\040\000R\000e\000f\000e\000r\000e\000n\000c\000e}{chapter.7}% 114
\BOOKMARK [2][-]{subsection.7.2.1}{\376\377\0007\000.\0002\000.\0001\000\040\000D\000e\000t\000a\000i\000l\000e\000d\000\040\000D\000e\000s\000c\000r\000i\000p\000t\000i\000o\000n}{section.7.2}% 115
\BOOKMARK [1][-]{section.7.3}{\376\377\0007\000.\0003\000\040\000s\000r\000c\000/\000d\000r\000i\000v\000e\000r\000/\000D\000r\000i\000v\000e\000r\000W\000i\000n\000d\000o\000w\000.\000j\000a\000v\000a\000\040\000F\000i\000l\000e\000\040\000R\000e\000f\000e\000r\000e\000n\000c\000e}{chapter.7}% 116
\BOOKMARK [2][-]{subsection.7.3.1}{\376\377\0007\000.\0003\000.\0001\000\040\000D\000e\000t\000a\000i\000l\000e\000d\000\040\000D\000e\000s\000c\000r\000i\000p\000t\000i\000o\000n}{section.7.3}% 117
\BOOKMARK [1][-]{section.7.4}{\376\377\0007\000.\0004\000\040\000s\000r\000c\000/\000p\000a\000r\000s\000e\000r\000/\000F\000i\000r\000s\000t\000F\000o\000l\000l\000o\000w\000.\000j\000a\000v\000a\000\040\000F\000i\000l\000e\000\040\000R\000e\000f\000e\000r\000e\000n\000c\000e}{chapter.7}% 118
\BOOKMARK [1][-]{section.7.5}{\376\377\0007\000.\0005\000\040\000s\000r\000c\000/\000p\000a\000r\000s\000e\000r\000/\000P\000a\000r\000s\000e\000r\000.\000j\000a\000v\000a\000\040\000F\000i\000l\000e\000\040\000R\000e\000f\000e\000r\000e\000n\000c\000e}{chapter.7}% 119
\BOOKMARK [1][-]{section.7.6}{\376\377\0007\000.\0006\000\040\000s\000r\000c\000/\000s\000c\000a\000n\000n\000e\000r\000/\000S\000c\000a\000n\000M\000e\000.\000j\000a\000v\000a\000\040\000F\000i\000l\000e\000\040\000R\000e\000f\000e\000r\000e\000n\000c\000e}{chapter.7}% 120
\BOOKMARK [1][-]{section.7.7}{\376\377\0007\000.\0007\000\040\000s\000r\000c\000/\000s\000c\000a\000n\000n\000e\000r\000/\000S\000y\000m\000b\000o\000l\000.\000j\000a\000v\000a\000\040\000F\000i\000l\000e\000\040\000R\000e\000f\000e\000r\000e\000n\000c\000e}{chapter.7}% 121
\BOOKMARK [1][-]{section.7.8}{\376\377\0007\000.\0008\000\040\000s\000r\000c\000/\000s\000c\000a\000n\000n\000e\000r\000/\000T\000o\000k\000e\000n\000.\000j\000a\000v\000a\000\040\000F\000i\000l\000e\000\040\000R\000e\000f\000e\000r\000e\000n\000c\000e}{chapter.7}% 122
\BOOKMARK [1][-]{section.7.9}{\376\377\0007\000.\0009\000\040\000s\000r\000c\000/\000s\000y\000m\000b\000o\000l\000T\000a\000b\000l\000e\000/\000S\000y\000m\000b\000o\000l\000T\000a\000b\000l\000e\000.\000j\000a\000v\000a\000\040\000F\000i\000l\000e\000\040\000R\000e\000f\000e\000r\000e\000n\000c\000e}{chapter.7}% 123
\BOOKMARK [0][-]{section*.45}{\376\377\000I\000n\000d\000e\000x}{}% 124
